[0.014s] Invoking command in '/home/alienware-x14/Documents/PlatformIO/Projects/airlab_monoco/esp32_microros_custom_msg_pub/extra_packages/custom_hydra_message/build/custom_hydra_message': CMAKE_PREFIX_PATH=/opt/ros/humble /usr/bin/cmake /home/alienware-x14/Documents/PlatformIO/Projects/airlab_monoco/esp32_microros_custom_msg_pub/extra_packages/custom_hydra_message -DCMAKE_INSTALL_PREFIX=/home/alienware-x14/Documents/PlatformIO/Projects/airlab_monoco/esp32_microros_custom_msg_pub/extra_packages/custom_hydra_message/install/custom_hydra_message
[0.056s] -- The C compiler identification is GNU 11.3.0
[0.107s] -- The CXX compiler identification is GNU 11.3.0
[0.112s] -- Detecting C compiler ABI info
[0.180s] -- Detecting C compiler ABI info - done
[0.185s] -- Check for working C compiler: /usr/bin/cc - skipped
[0.185s] -- Detecting C compile features
[0.185s] -- Detecting C compile features - done
[0.187s] -- Detecting CXX compiler ABI info
[0.244s] -- Detecting CXX compiler ABI info - done
[0.249s] -- Check for working CXX compiler: /usr/bin/c++ - skipped
[0.249s] -- Detecting CXX compile features
[0.249s] -- Detecting CXX compile features - done
[0.251s] -- Found ament_cmake: 1.3.3 (/opt/ros/humble/share/ament_cmake/cmake)
[0.354s] -- Found Python3: /home/alienware-x14/.platformio/penv/bin/python3.10 (found version "3.10.6") found components: Interpreter 
[0.412s] -- Found ament_lint_auto: 0.12.5 (/opt/ros/humble/share/ament_lint_auto/cmake)
[0.469s] -- Found rosidl_default_generators: 1.2.0 (/opt/ros/humble/share/rosidl_default_generators/cmake)
[0.471s] -- Using all available rosidl_typesupport_c: rosidl_typesupport_fastrtps_c;rosidl_typesupport_introspection_c
[0.475s] -- Found rosidl_adapter: 3.1.4 (/opt/ros/humble/share/rosidl_adapter/cmake)
[0.503s] -- Using all available rosidl_typesupport_cpp: rosidl_typesupport_fastrtps_cpp;rosidl_typesupport_introspection_cpp
[0.643s] -- Found ament_cmake_ros: 0.10.0 (/opt/ros/humble/share/ament_cmake_ros/cmake)
[0.754s] -- Using all available rosidl_typesupport_c: rosidl_typesupport_fastrtps_c;rosidl_typesupport_introspection_c
[0.903s] -- Using all available rosidl_typesupport_cpp: rosidl_typesupport_fastrtps_cpp;rosidl_typesupport_introspection_cpp
[0.916s] -- Found PythonInterp: /home/alienware-x14/.platformio/penv/bin/python3 (found suitable version "3.10.6", minimum required is "3.6") 
[0.917s] -- Found python_cmake_module: 0.10.0 (/opt/ros/humble/share/python_cmake_module/cmake)
[0.932s] -- Found PythonLibs: /usr/lib/x86_64-linux-gnu/libpython3.10.so (found suitable version "3.10.6", minimum required is "3.5") 
[0.932s] -- Using PYTHON_EXECUTABLE: /home/alienware-x14/.platformio/penv/bin/python3
[0.932s] -- Using PYTHON_INCLUDE_DIRS: /usr/include/python3.10
[0.932s] -- Using PYTHON_LIBRARIES: /usr/lib/x86_64-linux-gnu/libpython3.10.so
[0.943s] -- Found PythonExtra: .so  
[0.964s] -- Added test 'cppcheck' to perform static code analysis on C / C++ code
[0.965s] -- Configured cppcheck include dirs: $<BUILD_INTERFACE:/home/alienware-x14/Documents/PlatformIO/Projects/airlab_monoco/esp32_microros_custom_msg_pub/extra_packages/custom_hydra_message/build/custom_hydra_message/rosidl_generator_c>;$<BUILD_INTERFACE:/home/alienware-x14/Documents/PlatformIO/Projects/airlab_monoco/esp32_microros_custom_msg_pub/extra_packages/custom_hydra_message/build/custom_hydra_message/rosidl_typesupport_fastrtps_c>;$<BUILD_INTERFACE:/home/alienware-x14/Documents/PlatformIO/Projects/airlab_monoco/esp32_microros_custom_msg_pub/extra_packages/custom_hydra_message/build/custom_hydra_message/rosidl_typesupport_introspection_c>;$<BUILD_INTERFACE:/home/alienware-x14/Documents/PlatformIO/Projects/airlab_monoco/esp32_microros_custom_msg_pub/extra_packages/custom_hydra_message/build/custom_hydra_message/rosidl_generator_cpp>;$<BUILD_INTERFACE:/home/alienware-x14/Documents/PlatformIO/Projects/airlab_monoco/esp32_microros_custom_msg_pub/extra_packages/custom_hydra_message/build/custom_hydra_message/rosidl_typesupport_fastrtps_cpp>;$<BUILD_INTERFACE:/home/alienware-x14/Documents/PlatformIO/Projects/airlab_monoco/esp32_microros_custom_msg_pub/extra_packages/custom_hydra_message/build/custom_hydra_message/rosidl_typesupport_introspection_cpp>;/home/alienware-x14/Documents/PlatformIO/Projects/airlab_monoco/esp32_microros_custom_msg_pub/extra_packages/custom_hydra_message/build/custom_hydra_message/rosidl_generator_c;/home/alienware-x14/Documents/PlatformIO/Projects/airlab_monoco/esp32_microros_custom_msg_pub/extra_packages/custom_hydra_message/build/custom_hydra_message/rosidl_generator_py
[0.965s] -- Configured cppcheck exclude dirs and/or files: 
[0.966s] -- Added test 'flake8' to check Python code syntax and style conventions
[0.967s] -- Added test 'lint_cmake' to check CMake code style
[0.967s] -- Added test 'pep257' to check Python code against some of the docstring style conventions in PEP 257
[0.970s] -- Added test 'uncrustify' to check C / C++ code style
[0.971s] -- Configured uncrustify additional arguments: 
[0.971s] -- Added test 'xmllint' to check XML markup files
[0.973s] -- Configuring done
[0.990s] -- Generating done
[0.991s] -- Build files have been written to: /home/alienware-x14/Documents/PlatformIO/Projects/airlab_monoco/esp32_microros_custom_msg_pub/extra_packages/custom_hydra_message/build/custom_hydra_message
[0.996s] Invoked command in '/home/alienware-x14/Documents/PlatformIO/Projects/airlab_monoco/esp32_microros_custom_msg_pub/extra_packages/custom_hydra_message/build/custom_hydra_message' returned '0': CMAKE_PREFIX_PATH=/opt/ros/humble /usr/bin/cmake /home/alienware-x14/Documents/PlatformIO/Projects/airlab_monoco/esp32_microros_custom_msg_pub/extra_packages/custom_hydra_message -DCMAKE_INSTALL_PREFIX=/home/alienware-x14/Documents/PlatformIO/Projects/airlab_monoco/esp32_microros_custom_msg_pub/extra_packages/custom_hydra_message/install/custom_hydra_message
[0.997s] Invoking command in '/home/alienware-x14/Documents/PlatformIO/Projects/airlab_monoco/esp32_microros_custom_msg_pub/extra_packages/custom_hydra_message/build/custom_hydra_message': CMAKE_PREFIX_PATH=/opt/ros/humble /usr/bin/cmake --build /home/alienware-x14/Documents/PlatformIO/Projects/airlab_monoco/esp32_microros_custom_msg_pub/extra_packages/custom_hydra_message/build/custom_hydra_message -- -j20 -l20
[1.023s] [  3%] [34m[1mGenerating C code for ROS interfaces[0m
[1.029s] [  6%] [34m[1mGenerating C++ code for ROS interfaces[0m
[1.035s] [  6%] Built target ament_cmake_python_copy_custom_hydra_message
[1.165s] running egg_info
[1.165s] creating custom_hydra_message.egg-info
[1.165s] writing custom_hydra_message.egg-info/PKG-INFO
[1.166s] writing dependency_links to custom_hydra_message.egg-info/dependency_links.txt
[1.166s] writing top-level names to custom_hydra_message.egg-info/top_level.txt
[1.166s] writing manifest file 'custom_hydra_message.egg-info/SOURCES.txt'
[1.167s] reading manifest file 'custom_hydra_message.egg-info/SOURCES.txt'
[1.167s] writing manifest file 'custom_hydra_message.egg-info/SOURCES.txt'
[1.173s] [  6%] Built target custom_hydra_message__cpp
[1.178s] [  9%] [32mBuilding C object CMakeFiles/custom_hydra_message__rosidl_generator_c.dir/rosidl_generator_c/custom_hydra_message/msg/detail/rc_channel_message__functions.c.o[0m
[1.179s] [ 12%] [34m[1mGenerating C++ type support dispatch for ROS interfaces[0m
[1.179s] [ 16%] [34m[1mGenerating C++ type support for eProsima Fast-RTPS[0m
[1.179s] [ 19%] [34m[1mGenerating C++ introspection for ROS interfaces[0m
[1.185s] [ 19%] Built target ament_cmake_python_build_custom_hydra_message_egg
[1.207s] [ 22%] [32m[1mLinking C shared library libcustom_hydra_message__rosidl_generator_c.so[0m
[1.231s] [ 22%] Built target custom_hydra_message__rosidl_generator_c
[1.237s] [ 25%] [34m[1mGenerating C type support for eProsima Fast-RTPS[0m
[1.237s] [ 32%] [34m[1mGenerating C type support dispatch for ROS interfaces[0m
[1.237s] [ 32%] [34m[1mGenerating C introspection for ROS interfaces[0m
[1.315s] [ 35%] [32mBuilding CXX object CMakeFiles/custom_hydra_message__rosidl_typesupport_cpp.dir/rosidl_typesupport_cpp/custom_hydra_message/msg/rc_channel_message__type_support.cpp.o[0m
[1.321s] [ 38%] [32mBuilding CXX object CMakeFiles/custom_hydra_message__rosidl_typesupport_fastrtps_cpp.dir/rosidl_typesupport_fastrtps_cpp/custom_hydra_message/msg/detail/dds_fastrtps/rc_channel_message__type_support.cpp.o[0m
[1.330s] [ 41%] [32mBuilding CXX object CMakeFiles/custom_hydra_message__rosidl_typesupport_introspection_cpp.dir/rosidl_typesupport_introspection_cpp/custom_hydra_message/msg/detail/rc_channel_message__type_support.cpp.o[0m
[1.366s] [ 45%] [32mBuilding CXX object CMakeFiles/custom_hydra_message__rosidl_typesupport_c.dir/rosidl_typesupport_c/custom_hydra_message/msg/rc_channel_message__type_support.cpp.o[0m
[1.378s] [ 48%] [32mBuilding C object CMakeFiles/custom_hydra_message__rosidl_typesupport_introspection_c.dir/rosidl_typesupport_introspection_c/custom_hydra_message/msg/detail/rc_channel_message__type_support.c.o[0m
[1.379s] [ 51%] [32mBuilding CXX object CMakeFiles/custom_hydra_message__rosidl_typesupport_fastrtps_c.dir/rosidl_typesupport_fastrtps_c/custom_hydra_message/msg/detail/rc_channel_message__type_support_c.cpp.o[0m
[1.390s] [ 54%] [32m[1mLinking CXX shared library libcustom_hydra_message__rosidl_typesupport_c.so[0m
[1.398s] [ 58%] [32m[1mLinking C shared library libcustom_hydra_message__rosidl_typesupport_introspection_c.so[0m
[1.417s] [ 58%] Built target custom_hydra_message__rosidl_typesupport_c
[1.418s] [ 58%] Built target custom_hydra_message__rosidl_typesupport_introspection_c
[1.465s] [ 61%] [32m[1mLinking CXX shared library libcustom_hydra_message__rosidl_typesupport_cpp.so[0m
[1.491s] [ 61%] Built target custom_hydra_message__rosidl_typesupport_cpp
[1.540s] [ 64%] [32m[1mLinking CXX shared library libcustom_hydra_message__rosidl_typesupport_fastrtps_cpp.so[0m
[1.542s] [ 67%] [32m[1mLinking CXX shared library libcustom_hydra_message__rosidl_typesupport_introspection_cpp.so[0m
[1.565s] [ 70%] [32m[1mLinking CXX shared library libcustom_hydra_message__rosidl_typesupport_fastrtps_c.so[0m
[1.568s] [ 70%] Built target custom_hydra_message__rosidl_typesupport_introspection_cpp
[1.588s] [ 70%] Built target custom_hydra_message__rosidl_typesupport_fastrtps_cpp
[1.615s] [ 70%] Built target custom_hydra_message__rosidl_typesupport_fastrtps_c
[1.629s] [ 70%] Built target custom_hydra_message
[1.641s] [ 74%] [34m[1mGenerating Python code for ROS interfaces[0m
[1.821s] [ 74%] Built target custom_hydra_message__py
[1.834s] [ 77%] [32mBuilding C object CMakeFiles/custom_hydra_message__rosidl_generator_py.dir/rosidl_generator_py/custom_hydra_message/msg/_rc_channel_message_s.c.o[0m
[1.895s] [ 80%] [32m[1mLinking C shared library rosidl_generator_py/custom_hydra_message/libcustom_hydra_message__rosidl_generator_py.so[0m
[1.922s] [ 80%] Built target custom_hydra_message__rosidl_generator_py
[1.935s] [ 83%] [32mBuilding C object CMakeFiles/custom_hydra_message__rosidl_typesupport_fastrtps_c__pyext.dir/rosidl_generator_py/custom_hydra_message/_custom_hydra_message_s.ep.rosidl_typesupport_fastrtps_c.c.o[0m
[1.935s] [ 90%] [32mBuilding C object CMakeFiles/custom_hydra_message__rosidl_typesupport_introspection_c__pyext.dir/rosidl_generator_py/custom_hydra_message/_custom_hydra_message_s.ep.rosidl_typesupport_introspection_c.c.o[0m
[1.935s] [ 90%] [32mBuilding C object CMakeFiles/custom_hydra_message__rosidl_typesupport_c__pyext.dir/rosidl_generator_py/custom_hydra_message/_custom_hydra_message_s.ep.rosidl_typesupport_c.c.o[0m
[1.988s] [ 96%] [32m[1mLinking C shared library rosidl_generator_py/custom_hydra_message/custom_hydra_message_s__rosidl_typesupport_introspection_c.cpython-310-x86_64-linux-gnu.so[0m
[1.988s] [ 96%] [32m[1mLinking C shared library rosidl_generator_py/custom_hydra_message/custom_hydra_message_s__rosidl_typesupport_c.cpython-310-x86_64-linux-gnu.so[0m
[2.002s] [100%] [32m[1mLinking C shared library rosidl_generator_py/custom_hydra_message/custom_hydra_message_s__rosidl_typesupport_fastrtps_c.cpython-310-x86_64-linux-gnu.so[0m
[2.008s] [100%] Built target custom_hydra_message__rosidl_typesupport_c__pyext
[2.009s] [100%] Built target custom_hydra_message__rosidl_typesupport_introspection_c__pyext
[2.026s] [100%] Built target custom_hydra_message__rosidl_typesupport_fastrtps_c__pyext
[2.035s] Invoked command in '/home/alienware-x14/Documents/PlatformIO/Projects/airlab_monoco/esp32_microros_custom_msg_pub/extra_packages/custom_hydra_message/build/custom_hydra_message' returned '0': CMAKE_PREFIX_PATH=/opt/ros/humble /usr/bin/cmake --build /home/alienware-x14/Documents/PlatformIO/Projects/airlab_monoco/esp32_microros_custom_msg_pub/extra_packages/custom_hydra_message/build/custom_hydra_message -- -j20 -l20
[2.105s] Invoking command in '/home/alienware-x14/Documents/PlatformIO/Projects/airlab_monoco/esp32_microros_custom_msg_pub/extra_packages/custom_hydra_message/build/custom_hydra_message': CMAKE_PREFIX_PATH=/opt/ros/humble /usr/bin/cmake --install /home/alienware-x14/Documents/PlatformIO/Projects/airlab_monoco/esp32_microros_custom_msg_pub/extra_packages/custom_hydra_message/build/custom_hydra_message
[2.116s] -- Install configuration: ""
[2.116s] -- Installing: /home/alienware-x14/Documents/PlatformIO/Projects/airlab_monoco/esp32_microros_custom_msg_pub/extra_packages/custom_hydra_message/install/custom_hydra_message/share/ament_index/resource_index/rosidl_interfaces/custom_hydra_message
[2.116s] -- Installing: /home/alienware-x14/Documents/PlatformIO/Projects/airlab_monoco/esp32_microros_custom_msg_pub/extra_packages/custom_hydra_message/install/custom_hydra_message/include/custom_hydra_message/custom_hydra_message
[2.117s] -- Installing: /home/alienware-x14/Documents/PlatformIO/Projects/airlab_monoco/esp32_microros_custom_msg_pub/extra_packages/custom_hydra_message/install/custom_hydra_message/include/custom_hydra_message/custom_hydra_message/msg
[2.117s] -- Installing: /home/alienware-x14/Documents/PlatformIO/Projects/airlab_monoco/esp32_microros_custom_msg_pub/extra_packages/custom_hydra_message/install/custom_hydra_message/include/custom_hydra_message/custom_hydra_message/msg/rosidl_generator_c__visibility_control.h
[2.117s] -- Installing: /home/alienware-x14/Documents/PlatformIO/Projects/airlab_monoco/esp32_microros_custom_msg_pub/extra_packages/custom_hydra_message/install/custom_hydra_message/include/custom_hydra_message/custom_hydra_message/msg/detail
[2.117s] -- Installing: /home/alienware-x14/Documents/PlatformIO/Projects/airlab_monoco/esp32_microros_custom_msg_pub/extra_packages/custom_hydra_message/install/custom_hydra_message/include/custom_hydra_message/custom_hydra_message/msg/detail/rc_channel_message__struct.h
[2.117s] -- Installing: /home/alienware-x14/Documents/PlatformIO/Projects/airlab_monoco/esp32_microros_custom_msg_pub/extra_packages/custom_hydra_message/install/custom_hydra_message/include/custom_hydra_message/custom_hydra_message/msg/detail/rc_channel_message__functions.c
[2.117s] -- Installing: /home/alienware-x14/Documents/PlatformIO/Projects/airlab_monoco/esp32_microros_custom_msg_pub/extra_packages/custom_hydra_message/install/custom_hydra_message/include/custom_hydra_message/custom_hydra_message/msg/detail/rc_channel_message__functions.h
[2.117s] -- Installing: /home/alienware-x14/Documents/PlatformIO/Projects/airlab_monoco/esp32_microros_custom_msg_pub/extra_packages/custom_hydra_message/install/custom_hydra_message/include/custom_hydra_message/custom_hydra_message/msg/detail/rc_channel_message__type_support.h
[2.117s] -- Installing: /home/alienware-x14/Documents/PlatformIO/Projects/airlab_monoco/esp32_microros_custom_msg_pub/extra_packages/custom_hydra_message/install/custom_hydra_message/include/custom_hydra_message/custom_hydra_message/msg/rc_channel_message.h
[2.117s] -- Installing: /home/alienware-x14/Documents/PlatformIO/Projects/airlab_monoco/esp32_microros_custom_msg_pub/extra_packages/custom_hydra_message/install/custom_hydra_message/share/custom_hydra_message/environment/library_path.sh
[2.118s] -- Installing: /home/alienware-x14/Documents/PlatformIO/Projects/airlab_monoco/esp32_microros_custom_msg_pub/extra_packages/custom_hydra_message/install/custom_hydra_message/share/custom_hydra_message/environment/library_path.dsv
[2.118s] -- Installing: /home/alienware-x14/Documents/PlatformIO/Projects/airlab_monoco/esp32_microros_custom_msg_pub/extra_packages/custom_hydra_message/install/custom_hydra_message/lib/libcustom_hydra_message__rosidl_generator_c.so
[2.118s] -- Set runtime path of "/home/alienware-x14/Documents/PlatformIO/Projects/airlab_monoco/esp32_microros_custom_msg_pub/extra_packages/custom_hydra_message/install/custom_hydra_message/lib/libcustom_hydra_message__rosidl_generator_c.so" to ""
[2.118s] -- Up-to-date: /home/alienware-x14/Documents/PlatformIO/Projects/airlab_monoco/esp32_microros_custom_msg_pub/extra_packages/custom_hydra_message/install/custom_hydra_message/include/custom_hydra_message/custom_hydra_message
[2.118s] -- Up-to-date: /home/alienware-x14/Documents/PlatformIO/Projects/airlab_monoco/esp32_microros_custom_msg_pub/extra_packages/custom_hydra_message/install/custom_hydra_message/include/custom_hydra_message/custom_hydra_message/msg
[2.118s] -- Up-to-date: /home/alienware-x14/Documents/PlatformIO/Projects/airlab_monoco/esp32_microros_custom_msg_pub/extra_packages/custom_hydra_message/install/custom_hydra_message/include/custom_hydra_message/custom_hydra_message/msg/detail
[2.118s] -- Installing: /home/alienware-x14/Documents/PlatformIO/Projects/airlab_monoco/esp32_microros_custom_msg_pub/extra_packages/custom_hydra_message/install/custom_hydra_message/include/custom_hydra_message/custom_hydra_message/msg/detail/rc_channel_message__rosidl_typesupport_fastrtps_c.h
[2.118s] -- Installing: /home/alienware-x14/Documents/PlatformIO/Projects/airlab_monoco/esp32_microros_custom_msg_pub/extra_packages/custom_hydra_message/install/custom_hydra_message/include/custom_hydra_message/custom_hydra_message/msg/rosidl_typesupport_fastrtps_c__visibility_control.h
[2.118s] -- Installing: /home/alienware-x14/Documents/PlatformIO/Projects/airlab_monoco/esp32_microros_custom_msg_pub/extra_packages/custom_hydra_message/install/custom_hydra_message/lib/libcustom_hydra_message__rosidl_typesupport_fastrtps_c.so
[2.118s] -- Set runtime path of "/home/alienware-x14/Documents/PlatformIO/Projects/airlab_monoco/esp32_microros_custom_msg_pub/extra_packages/custom_hydra_message/install/custom_hydra_message/lib/libcustom_hydra_message__rosidl_typesupport_fastrtps_c.so" to ""
[2.118s] -- Up-to-date: /home/alienware-x14/Documents/PlatformIO/Projects/airlab_monoco/esp32_microros_custom_msg_pub/extra_packages/custom_hydra_message/install/custom_hydra_message/include/custom_hydra_message/custom_hydra_message
[2.118s] -- Up-to-date: /home/alienware-x14/Documents/PlatformIO/Projects/airlab_monoco/esp32_microros_custom_msg_pub/extra_packages/custom_hydra_message/install/custom_hydra_message/include/custom_hydra_message/custom_hydra_message/msg
[2.118s] -- Up-to-date: /home/alienware-x14/Documents/PlatformIO/Projects/airlab_monoco/esp32_microros_custom_msg_pub/extra_packages/custom_hydra_message/install/custom_hydra_message/include/custom_hydra_message/custom_hydra_message/msg/detail
[2.119s] -- Installing: /home/alienware-x14/Documents/PlatformIO/Projects/airlab_monoco/esp32_microros_custom_msg_pub/extra_packages/custom_hydra_message/install/custom_hydra_message/include/custom_hydra_message/custom_hydra_message/msg/detail/rc_channel_message__type_support.c
[2.119s] -- Installing: /home/alienware-x14/Documents/PlatformIO/Projects/airlab_monoco/esp32_microros_custom_msg_pub/extra_packages/custom_hydra_message/install/custom_hydra_message/include/custom_hydra_message/custom_hydra_message/msg/detail/rc_channel_message__rosidl_typesupport_introspection_c.h
[2.119s] -- Installing: /home/alienware-x14/Documents/PlatformIO/Projects/airlab_monoco/esp32_microros_custom_msg_pub/extra_packages/custom_hydra_message/install/custom_hydra_message/include/custom_hydra_message/custom_hydra_message/msg/rosidl_typesupport_introspection_c__visibility_control.h
[2.119s] -- Installing: /home/alienware-x14/Documents/PlatformIO/Projects/airlab_monoco/esp32_microros_custom_msg_pub/extra_packages/custom_hydra_message/install/custom_hydra_message/lib/libcustom_hydra_message__rosidl_typesupport_introspection_c.so
[2.119s] -- Set runtime path of "/home/alienware-x14/Documents/PlatformIO/Projects/airlab_monoco/esp32_microros_custom_msg_pub/extra_packages/custom_hydra_message/install/custom_hydra_message/lib/libcustom_hydra_message__rosidl_typesupport_introspection_c.so" to ""
[2.119s] -- Installing: /home/alienware-x14/Documents/PlatformIO/Projects/airlab_monoco/esp32_microros_custom_msg_pub/extra_packages/custom_hydra_message/install/custom_hydra_message/lib/libcustom_hydra_message__rosidl_typesupport_c.so
[2.120s] -- Set runtime path of "/home/alienware-x14/Documents/PlatformIO/Projects/airlab_monoco/esp32_microros_custom_msg_pub/extra_packages/custom_hydra_message/install/custom_hydra_message/lib/libcustom_hydra_message__rosidl_typesupport_c.so" to ""
[2.120s] -- Up-to-date: /home/alienware-x14/Documents/PlatformIO/Projects/airlab_monoco/esp32_microros_custom_msg_pub/extra_packages/custom_hydra_message/install/custom_hydra_message/include/custom_hydra_message/custom_hydra_message
[2.120s] -- Up-to-date: /home/alienware-x14/Documents/PlatformIO/Projects/airlab_monoco/esp32_microros_custom_msg_pub/extra_packages/custom_hydra_message/install/custom_hydra_message/include/custom_hydra_message/custom_hydra_message/msg
[2.120s] -- Installing: /home/alienware-x14/Documents/PlatformIO/Projects/airlab_monoco/esp32_microros_custom_msg_pub/extra_packages/custom_hydra_message/install/custom_hydra_message/include/custom_hydra_message/custom_hydra_message/msg/rc_channel_message.hpp
[2.120s] -- Up-to-date: /home/alienware-x14/Documents/PlatformIO/Projects/airlab_monoco/esp32_microros_custom_msg_pub/extra_packages/custom_hydra_message/install/custom_hydra_message/include/custom_hydra_message/custom_hydra_message/msg/detail
[2.120s] -- Installing: /home/alienware-x14/Documents/PlatformIO/Projects/airlab_monoco/esp32_microros_custom_msg_pub/extra_packages/custom_hydra_message/install/custom_hydra_message/include/custom_hydra_message/custom_hydra_message/msg/detail/rc_channel_message__traits.hpp
[2.120s] -- Installing: /home/alienware-x14/Documents/PlatformIO/Projects/airlab_monoco/esp32_microros_custom_msg_pub/extra_packages/custom_hydra_message/install/custom_hydra_message/include/custom_hydra_message/custom_hydra_message/msg/detail/rc_channel_message__struct.hpp
[2.120s] -- Installing: /home/alienware-x14/Documents/PlatformIO/Projects/airlab_monoco/esp32_microros_custom_msg_pub/extra_packages/custom_hydra_message/install/custom_hydra_message/include/custom_hydra_message/custom_hydra_message/msg/detail/rc_channel_message__builder.hpp
[2.120s] -- Up-to-date: /home/alienware-x14/Documents/PlatformIO/Projects/airlab_monoco/esp32_microros_custom_msg_pub/extra_packages/custom_hydra_message/install/custom_hydra_message/include/custom_hydra_message/custom_hydra_message
[2.120s] -- Up-to-date: /home/alienware-x14/Documents/PlatformIO/Projects/airlab_monoco/esp32_microros_custom_msg_pub/extra_packages/custom_hydra_message/install/custom_hydra_message/include/custom_hydra_message/custom_hydra_message/msg
[2.120s] -- Up-to-date: /home/alienware-x14/Documents/PlatformIO/Projects/airlab_monoco/esp32_microros_custom_msg_pub/extra_packages/custom_hydra_message/install/custom_hydra_message/include/custom_hydra_message/custom_hydra_message/msg/detail
[2.121s] -- Installing: /home/alienware-x14/Documents/PlatformIO/Projects/airlab_monoco/esp32_microros_custom_msg_pub/extra_packages/custom_hydra_message/install/custom_hydra_message/include/custom_hydra_message/custom_hydra_message/msg/detail/rc_channel_message__rosidl_typesupport_fastrtps_cpp.hpp
[2.121s] -- Installing: /home/alienware-x14/Documents/PlatformIO/Projects/airlab_monoco/esp32_microros_custom_msg_pub/extra_packages/custom_hydra_message/install/custom_hydra_message/include/custom_hydra_message/custom_hydra_message/msg/detail/dds_fastrtps
[2.121s] -- Installing: /home/alienware-x14/Documents/PlatformIO/Projects/airlab_monoco/esp32_microros_custom_msg_pub/extra_packages/custom_hydra_message/install/custom_hydra_message/include/custom_hydra_message/custom_hydra_message/msg/rosidl_typesupport_fastrtps_cpp__visibility_control.h
[2.121s] -- Installing: /home/alienware-x14/Documents/PlatformIO/Projects/airlab_monoco/esp32_microros_custom_msg_pub/extra_packages/custom_hydra_message/install/custom_hydra_message/lib/libcustom_hydra_message__rosidl_typesupport_fastrtps_cpp.so
[2.121s] -- Set runtime path of "/home/alienware-x14/Documents/PlatformIO/Projects/airlab_monoco/esp32_microros_custom_msg_pub/extra_packages/custom_hydra_message/install/custom_hydra_message/lib/libcustom_hydra_message__rosidl_typesupport_fastrtps_cpp.so" to ""
[2.121s] -- Up-to-date: /home/alienware-x14/Documents/PlatformIO/Projects/airlab_monoco/esp32_microros_custom_msg_pub/extra_packages/custom_hydra_message/install/custom_hydra_message/include/custom_hydra_message/custom_hydra_message
[2.121s] -- Up-to-date: /home/alienware-x14/Documents/PlatformIO/Projects/airlab_monoco/esp32_microros_custom_msg_pub/extra_packages/custom_hydra_message/install/custom_hydra_message/include/custom_hydra_message/custom_hydra_message/msg
[2.121s] -- Up-to-date: /home/alienware-x14/Documents/PlatformIO/Projects/airlab_monoco/esp32_microros_custom_msg_pub/extra_packages/custom_hydra_message/install/custom_hydra_message/include/custom_hydra_message/custom_hydra_message/msg/detail
[2.121s] -- Installing: /home/alienware-x14/Documents/PlatformIO/Projects/airlab_monoco/esp32_microros_custom_msg_pub/extra_packages/custom_hydra_message/install/custom_hydra_message/include/custom_hydra_message/custom_hydra_message/msg/detail/rc_channel_message__rosidl_typesupport_introspection_cpp.hpp
[2.121s] -- Installing: /home/alienware-x14/Documents/PlatformIO/Projects/airlab_monoco/esp32_microros_custom_msg_pub/extra_packages/custom_hydra_message/install/custom_hydra_message/include/custom_hydra_message/custom_hydra_message/msg/detail/rc_channel_message__type_support.cpp
[2.122s] -- Installing: /home/alienware-x14/Documents/PlatformIO/Projects/airlab_monoco/esp32_microros_custom_msg_pub/extra_packages/custom_hydra_message/install/custom_hydra_message/lib/libcustom_hydra_message__rosidl_typesupport_introspection_cpp.so
[2.122s] -- Set runtime path of "/home/alienware-x14/Documents/PlatformIO/Projects/airlab_monoco/esp32_microros_custom_msg_pub/extra_packages/custom_hydra_message/install/custom_hydra_message/lib/libcustom_hydra_message__rosidl_typesupport_introspection_cpp.so" to ""
[2.122s] -- Installing: /home/alienware-x14/Documents/PlatformIO/Projects/airlab_monoco/esp32_microros_custom_msg_pub/extra_packages/custom_hydra_message/install/custom_hydra_message/lib/libcustom_hydra_message__rosidl_typesupport_cpp.so
[2.122s] -- Set runtime path of "/home/alienware-x14/Documents/PlatformIO/Projects/airlab_monoco/esp32_microros_custom_msg_pub/extra_packages/custom_hydra_message/install/custom_hydra_message/lib/libcustom_hydra_message__rosidl_typesupport_cpp.so" to ""
[2.122s] -- Installing: /home/alienware-x14/Documents/PlatformIO/Projects/airlab_monoco/esp32_microros_custom_msg_pub/extra_packages/custom_hydra_message/install/custom_hydra_message/share/custom_hydra_message/environment/pythonpath.sh
[2.122s] -- Installing: /home/alienware-x14/Documents/PlatformIO/Projects/airlab_monoco/esp32_microros_custom_msg_pub/extra_packages/custom_hydra_message/install/custom_hydra_message/share/custom_hydra_message/environment/pythonpath.dsv
[2.122s] -- Installing: /home/alienware-x14/Documents/PlatformIO/Projects/airlab_monoco/esp32_microros_custom_msg_pub/extra_packages/custom_hydra_message/install/custom_hydra_message/lib/python3.10/site-packages/custom_hydra_message-0.0.0-py3.10.egg-info
[2.122s] -- Installing: /home/alienware-x14/Documents/PlatformIO/Projects/airlab_monoco/esp32_microros_custom_msg_pub/extra_packages/custom_hydra_message/install/custom_hydra_message/lib/python3.10/site-packages/custom_hydra_message-0.0.0-py3.10.egg-info/dependency_links.txt
[2.122s] -- Installing: /home/alienware-x14/Documents/PlatformIO/Projects/airlab_monoco/esp32_microros_custom_msg_pub/extra_packages/custom_hydra_message/install/custom_hydra_message/lib/python3.10/site-packages/custom_hydra_message-0.0.0-py3.10.egg-info/PKG-INFO
[2.122s] -- Installing: /home/alienware-x14/Documents/PlatformIO/Projects/airlab_monoco/esp32_microros_custom_msg_pub/extra_packages/custom_hydra_message/install/custom_hydra_message/lib/python3.10/site-packages/custom_hydra_message-0.0.0-py3.10.egg-info/SOURCES.txt
[2.122s] -- Installing: /home/alienware-x14/Documents/PlatformIO/Projects/airlab_monoco/esp32_microros_custom_msg_pub/extra_packages/custom_hydra_message/install/custom_hydra_message/lib/python3.10/site-packages/custom_hydra_message-0.0.0-py3.10.egg-info/top_level.txt
[2.123s] -- Installing: /home/alienware-x14/Documents/PlatformIO/Projects/airlab_monoco/esp32_microros_custom_msg_pub/extra_packages/custom_hydra_message/install/custom_hydra_message/lib/python3.10/site-packages/custom_hydra_message
[2.123s] -- Installing: /home/alienware-x14/Documents/PlatformIO/Projects/airlab_monoco/esp32_microros_custom_msg_pub/extra_packages/custom_hydra_message/install/custom_hydra_message/lib/python3.10/site-packages/custom_hydra_message/custom_hydra_message_s__rosidl_typesupport_c.cpython-310-x86_64-linux-gnu.so
[2.123s] -- Installing: /home/alienware-x14/Documents/PlatformIO/Projects/airlab_monoco/esp32_microros_custom_msg_pub/extra_packages/custom_hydra_message/install/custom_hydra_message/lib/python3.10/site-packages/custom_hydra_message/__init__.py
[2.123s] -- Installing: /home/alienware-x14/Documents/PlatformIO/Projects/airlab_monoco/esp32_microros_custom_msg_pub/extra_packages/custom_hydra_message/install/custom_hydra_message/lib/python3.10/site-packages/custom_hydra_message/custom_hydra_message_s__rosidl_typesupport_introspection_c.cpython-310-x86_64-linux-gnu.so
[2.123s] -- Installing: /home/alienware-x14/Documents/PlatformIO/Projects/airlab_monoco/esp32_microros_custom_msg_pub/extra_packages/custom_hydra_message/install/custom_hydra_message/lib/python3.10/site-packages/custom_hydra_message/custom_hydra_message_s__rosidl_typesupport_fastrtps_c.cpython-310-x86_64-linux-gnu.so
[2.123s] -- Installing: /home/alienware-x14/Documents/PlatformIO/Projects/airlab_monoco/esp32_microros_custom_msg_pub/extra_packages/custom_hydra_message/install/custom_hydra_message/lib/python3.10/site-packages/custom_hydra_message/_custom_hydra_message_s.ep.rosidl_typesupport_fastrtps_c.c
[2.123s] -- Installing: /home/alienware-x14/Documents/PlatformIO/Projects/airlab_monoco/esp32_microros_custom_msg_pub/extra_packages/custom_hydra_message/install/custom_hydra_message/lib/python3.10/site-packages/custom_hydra_message/_custom_hydra_message_s.ep.rosidl_typesupport_c.c
[2.123s] -- Installing: /home/alienware-x14/Documents/PlatformIO/Projects/airlab_monoco/esp32_microros_custom_msg_pub/extra_packages/custom_hydra_message/install/custom_hydra_message/lib/python3.10/site-packages/custom_hydra_message/msg
[2.123s] -- Installing: /home/alienware-x14/Documents/PlatformIO/Projects/airlab_monoco/esp32_microros_custom_msg_pub/extra_packages/custom_hydra_message/install/custom_hydra_message/lib/python3.10/site-packages/custom_hydra_message/msg/_rc_channel_message.py
[2.123s] -- Installing: /home/alienware-x14/Documents/PlatformIO/Projects/airlab_monoco/esp32_microros_custom_msg_pub/extra_packages/custom_hydra_message/install/custom_hydra_message/lib/python3.10/site-packages/custom_hydra_message/msg/__init__.py
[2.123s] -- Installing: /home/alienware-x14/Documents/PlatformIO/Projects/airlab_monoco/esp32_microros_custom_msg_pub/extra_packages/custom_hydra_message/install/custom_hydra_message/lib/python3.10/site-packages/custom_hydra_message/msg/_rc_channel_message_s.c
[2.123s] -- Installing: /home/alienware-x14/Documents/PlatformIO/Projects/airlab_monoco/esp32_microros_custom_msg_pub/extra_packages/custom_hydra_message/install/custom_hydra_message/lib/python3.10/site-packages/custom_hydra_message/libcustom_hydra_message__rosidl_generator_py.so
[2.123s] -- Installing: /home/alienware-x14/Documents/PlatformIO/Projects/airlab_monoco/esp32_microros_custom_msg_pub/extra_packages/custom_hydra_message/install/custom_hydra_message/lib/python3.10/site-packages/custom_hydra_message/_custom_hydra_message_s.ep.rosidl_typesupport_introspection_c.c
[2.147s] Listing '/home/alienware-x14/Documents/PlatformIO/Projects/airlab_monoco/esp32_microros_custom_msg_pub/extra_packages/custom_hydra_message/install/custom_hydra_message/lib/python3.10/site-packages/custom_hydra_message'...
[2.147s] Compiling '/home/alienware-x14/Documents/PlatformIO/Projects/airlab_monoco/esp32_microros_custom_msg_pub/extra_packages/custom_hydra_message/install/custom_hydra_message/lib/python3.10/site-packages/custom_hydra_message/__init__.py'...
[2.147s] Listing '/home/alienware-x14/Documents/PlatformIO/Projects/airlab_monoco/esp32_microros_custom_msg_pub/extra_packages/custom_hydra_message/install/custom_hydra_message/lib/python3.10/site-packages/custom_hydra_message/msg'...
[2.147s] Compiling '/home/alienware-x14/Documents/PlatformIO/Projects/airlab_monoco/esp32_microros_custom_msg_pub/extra_packages/custom_hydra_message/install/custom_hydra_message/lib/python3.10/site-packages/custom_hydra_message/msg/__init__.py'...
[2.147s] Compiling '/home/alienware-x14/Documents/PlatformIO/Projects/airlab_monoco/esp32_microros_custom_msg_pub/extra_packages/custom_hydra_message/install/custom_hydra_message/lib/python3.10/site-packages/custom_hydra_message/msg/_rc_channel_message.py'...
[2.150s] -- Installing: /home/alienware-x14/Documents/PlatformIO/Projects/airlab_monoco/esp32_microros_custom_msg_pub/extra_packages/custom_hydra_message/install/custom_hydra_message/lib/python3.10/site-packages/custom_hydra_message/custom_hydra_message_s__rosidl_typesupport_fastrtps_c.cpython-310-x86_64-linux-gnu.so
[2.150s] -- Set runtime path of "/home/alienware-x14/Documents/PlatformIO/Projects/airlab_monoco/esp32_microros_custom_msg_pub/extra_packages/custom_hydra_message/install/custom_hydra_message/lib/python3.10/site-packages/custom_hydra_message/custom_hydra_message_s__rosidl_typesupport_fastrtps_c.cpython-310-x86_64-linux-gnu.so" to ""
[2.151s] -- Installing: /home/alienware-x14/Documents/PlatformIO/Projects/airlab_monoco/esp32_microros_custom_msg_pub/extra_packages/custom_hydra_message/install/custom_hydra_message/lib/python3.10/site-packages/custom_hydra_message/custom_hydra_message_s__rosidl_typesupport_introspection_c.cpython-310-x86_64-linux-gnu.so
[2.151s] -- Set runtime path of "/home/alienware-x14/Documents/PlatformIO/Projects/airlab_monoco/esp32_microros_custom_msg_pub/extra_packages/custom_hydra_message/install/custom_hydra_message/lib/python3.10/site-packages/custom_hydra_message/custom_hydra_message_s__rosidl_typesupport_introspection_c.cpython-310-x86_64-linux-gnu.so" to ""
[2.151s] -- Installing: /home/alienware-x14/Documents/PlatformIO/Projects/airlab_monoco/esp32_microros_custom_msg_pub/extra_packages/custom_hydra_message/install/custom_hydra_message/lib/python3.10/site-packages/custom_hydra_message/custom_hydra_message_s__rosidl_typesupport_c.cpython-310-x86_64-linux-gnu.so
[2.151s] -- Set runtime path of "/home/alienware-x14/Documents/PlatformIO/Projects/airlab_monoco/esp32_microros_custom_msg_pub/extra_packages/custom_hydra_message/install/custom_hydra_message/lib/python3.10/site-packages/custom_hydra_message/custom_hydra_message_s__rosidl_typesupport_c.cpython-310-x86_64-linux-gnu.so" to ""
[2.152s] -- Installing: /home/alienware-x14/Documents/PlatformIO/Projects/airlab_monoco/esp32_microros_custom_msg_pub/extra_packages/custom_hydra_message/install/custom_hydra_message/lib/libcustom_hydra_message__rosidl_generator_py.so
[2.152s] -- Set runtime path of "/home/alienware-x14/Documents/PlatformIO/Projects/airlab_monoco/esp32_microros_custom_msg_pub/extra_packages/custom_hydra_message/install/custom_hydra_message/lib/libcustom_hydra_message__rosidl_generator_py.so" to ""
[2.152s] -- Installing: /home/alienware-x14/Documents/PlatformIO/Projects/airlab_monoco/esp32_microros_custom_msg_pub/extra_packages/custom_hydra_message/install/custom_hydra_message/share/custom_hydra_message/msg/RCChannelMessage.idl
[2.152s] -- Installing: /home/alienware-x14/Documents/PlatformIO/Projects/airlab_monoco/esp32_microros_custom_msg_pub/extra_packages/custom_hydra_message/install/custom_hydra_message/share/custom_hydra_message/msg/RCChannelMessage.msg
[2.152s] -- Installing: /home/alienware-x14/Documents/PlatformIO/Projects/airlab_monoco/esp32_microros_custom_msg_pub/extra_packages/custom_hydra_message/install/custom_hydra_message/share/ament_index/resource_index/package_run_dependencies/custom_hydra_message
[2.152s] -- Installing: /home/alienware-x14/Documents/PlatformIO/Projects/airlab_monoco/esp32_microros_custom_msg_pub/extra_packages/custom_hydra_message/install/custom_hydra_message/share/ament_index/resource_index/parent_prefix_path/custom_hydra_message
[2.152s] -- Installing: /home/alienware-x14/Documents/PlatformIO/Projects/airlab_monoco/esp32_microros_custom_msg_pub/extra_packages/custom_hydra_message/install/custom_hydra_message/share/custom_hydra_message/environment/ament_prefix_path.sh
[2.153s] -- Installing: /home/alienware-x14/Documents/PlatformIO/Projects/airlab_monoco/esp32_microros_custom_msg_pub/extra_packages/custom_hydra_message/install/custom_hydra_message/share/custom_hydra_message/environment/ament_prefix_path.dsv
[2.153s] -- Installing: /home/alienware-x14/Documents/PlatformIO/Projects/airlab_monoco/esp32_microros_custom_msg_pub/extra_packages/custom_hydra_message/install/custom_hydra_message/share/custom_hydra_message/environment/path.sh
[2.153s] -- Installing: /home/alienware-x14/Documents/PlatformIO/Projects/airlab_monoco/esp32_microros_custom_msg_pub/extra_packages/custom_hydra_message/install/custom_hydra_message/share/custom_hydra_message/environment/path.dsv
[2.153s] -- Installing: /home/alienware-x14/Documents/PlatformIO/Projects/airlab_monoco/esp32_microros_custom_msg_pub/extra_packages/custom_hydra_message/install/custom_hydra_message/share/custom_hydra_message/local_setup.bash
[2.153s] -- Installing: /home/alienware-x14/Documents/PlatformIO/Projects/airlab_monoco/esp32_microros_custom_msg_pub/extra_packages/custom_hydra_message/install/custom_hydra_message/share/custom_hydra_message/local_setup.sh
[2.153s] -- Installing: /home/alienware-x14/Documents/PlatformIO/Projects/airlab_monoco/esp32_microros_custom_msg_pub/extra_packages/custom_hydra_message/install/custom_hydra_message/share/custom_hydra_message/local_setup.zsh
[2.153s] -- Installing: /home/alienware-x14/Documents/PlatformIO/Projects/airlab_monoco/esp32_microros_custom_msg_pub/extra_packages/custom_hydra_message/install/custom_hydra_message/share/custom_hydra_message/local_setup.dsv
[2.153s] -- Installing: /home/alienware-x14/Documents/PlatformIO/Projects/airlab_monoco/esp32_microros_custom_msg_pub/extra_packages/custom_hydra_message/install/custom_hydra_message/share/custom_hydra_message/package.dsv
[2.154s] -- Installing: /home/alienware-x14/Documents/PlatformIO/Projects/airlab_monoco/esp32_microros_custom_msg_pub/extra_packages/custom_hydra_message/install/custom_hydra_message/share/ament_index/resource_index/packages/custom_hydra_message
[2.154s] -- Installing: /home/alienware-x14/Documents/PlatformIO/Projects/airlab_monoco/esp32_microros_custom_msg_pub/extra_packages/custom_hydra_message/install/custom_hydra_message/share/custom_hydra_message/cmake/export_custom_hydra_message__rosidl_generator_cExport.cmake
[2.154s] -- Installing: /home/alienware-x14/Documents/PlatformIO/Projects/airlab_monoco/esp32_microros_custom_msg_pub/extra_packages/custom_hydra_message/install/custom_hydra_message/share/custom_hydra_message/cmake/export_custom_hydra_message__rosidl_generator_cExport-noconfig.cmake
[2.154s] -- Installing: /home/alienware-x14/Documents/PlatformIO/Projects/airlab_monoco/esp32_microros_custom_msg_pub/extra_packages/custom_hydra_message/install/custom_hydra_message/share/custom_hydra_message/cmake/export_custom_hydra_message__rosidl_typesupport_fastrtps_cExport.cmake
[2.154s] -- Installing: /home/alienware-x14/Documents/PlatformIO/Projects/airlab_monoco/esp32_microros_custom_msg_pub/extra_packages/custom_hydra_message/install/custom_hydra_message/share/custom_hydra_message/cmake/export_custom_hydra_message__rosidl_typesupport_fastrtps_cExport-noconfig.cmake
[2.154s] -- Installing: /home/alienware-x14/Documents/PlatformIO/Projects/airlab_monoco/esp32_microros_custom_msg_pub/extra_packages/custom_hydra_message/install/custom_hydra_message/share/custom_hydra_message/cmake/custom_hydra_message__rosidl_typesupport_introspection_cExport.cmake
[2.154s] -- Installing: /home/alienware-x14/Documents/PlatformIO/Projects/airlab_monoco/esp32_microros_custom_msg_pub/extra_packages/custom_hydra_message/install/custom_hydra_message/share/custom_hydra_message/cmake/custom_hydra_message__rosidl_typesupport_introspection_cExport-noconfig.cmake
[2.155s] -- Installing: /home/alienware-x14/Documents/PlatformIO/Projects/airlab_monoco/esp32_microros_custom_msg_pub/extra_packages/custom_hydra_message/install/custom_hydra_message/share/custom_hydra_message/cmake/custom_hydra_message__rosidl_typesupport_cExport.cmake
[2.155s] -- Installing: /home/alienware-x14/Documents/PlatformIO/Projects/airlab_monoco/esp32_microros_custom_msg_pub/extra_packages/custom_hydra_message/install/custom_hydra_message/share/custom_hydra_message/cmake/custom_hydra_message__rosidl_typesupport_cExport-noconfig.cmake
[2.155s] -- Installing: /home/alienware-x14/Documents/PlatformIO/Projects/airlab_monoco/esp32_microros_custom_msg_pub/extra_packages/custom_hydra_message/install/custom_hydra_message/share/custom_hydra_message/cmake/export_custom_hydra_message__rosidl_generator_cppExport.cmake
[2.155s] -- Installing: /home/alienware-x14/Documents/PlatformIO/Projects/airlab_monoco/esp32_microros_custom_msg_pub/extra_packages/custom_hydra_message/install/custom_hydra_message/share/custom_hydra_message/cmake/export_custom_hydra_message__rosidl_typesupport_fastrtps_cppExport.cmake
[2.155s] -- Installing: /home/alienware-x14/Documents/PlatformIO/Projects/airlab_monoco/esp32_microros_custom_msg_pub/extra_packages/custom_hydra_message/install/custom_hydra_message/share/custom_hydra_message/cmake/export_custom_hydra_message__rosidl_typesupport_fastrtps_cppExport-noconfig.cmake
[2.155s] -- Installing: /home/alienware-x14/Documents/PlatformIO/Projects/airlab_monoco/esp32_microros_custom_msg_pub/extra_packages/custom_hydra_message/install/custom_hydra_message/share/custom_hydra_message/cmake/custom_hydra_message__rosidl_typesupport_introspection_cppExport.cmake
[2.156s] -- Installing: /home/alienware-x14/Documents/PlatformIO/Projects/airlab_monoco/esp32_microros_custom_msg_pub/extra_packages/custom_hydra_message/install/custom_hydra_message/share/custom_hydra_message/cmake/custom_hydra_message__rosidl_typesupport_introspection_cppExport-noconfig.cmake
[2.156s] -- Installing: /home/alienware-x14/Documents/PlatformIO/Projects/airlab_monoco/esp32_microros_custom_msg_pub/extra_packages/custom_hydra_message/install/custom_hydra_message/share/custom_hydra_message/cmake/custom_hydra_message__rosidl_typesupport_cppExport.cmake
[2.156s] -- Installing: /home/alienware-x14/Documents/PlatformIO/Projects/airlab_monoco/esp32_microros_custom_msg_pub/extra_packages/custom_hydra_message/install/custom_hydra_message/share/custom_hydra_message/cmake/custom_hydra_message__rosidl_typesupport_cppExport-noconfig.cmake
[2.156s] -- Installing: /home/alienware-x14/Documents/PlatformIO/Projects/airlab_monoco/esp32_microros_custom_msg_pub/extra_packages/custom_hydra_message/install/custom_hydra_message/share/custom_hydra_message/cmake/export_custom_hydra_message__rosidl_generator_pyExport.cmake
[2.156s] -- Installing: /home/alienware-x14/Documents/PlatformIO/Projects/airlab_monoco/esp32_microros_custom_msg_pub/extra_packages/custom_hydra_message/install/custom_hydra_message/share/custom_hydra_message/cmake/export_custom_hydra_message__rosidl_generator_pyExport-noconfig.cmake
[2.156s] -- Installing: /home/alienware-x14/Documents/PlatformIO/Projects/airlab_monoco/esp32_microros_custom_msg_pub/extra_packages/custom_hydra_message/install/custom_hydra_message/share/custom_hydra_message/cmake/rosidl_cmake-extras.cmake
[2.156s] -- Installing: /home/alienware-x14/Documents/PlatformIO/Projects/airlab_monoco/esp32_microros_custom_msg_pub/extra_packages/custom_hydra_message/install/custom_hydra_message/share/custom_hydra_message/cmake/ament_cmake_export_include_directories-extras.cmake
[2.156s] -- Installing: /home/alienware-x14/Documents/PlatformIO/Projects/airlab_monoco/esp32_microros_custom_msg_pub/extra_packages/custom_hydra_message/install/custom_hydra_message/share/custom_hydra_message/cmake/ament_cmake_export_libraries-extras.cmake
[2.157s] -- Installing: /home/alienware-x14/Documents/PlatformIO/Projects/airlab_monoco/esp32_microros_custom_msg_pub/extra_packages/custom_hydra_message/install/custom_hydra_message/share/custom_hydra_message/cmake/ament_cmake_export_targets-extras.cmake
[2.157s] -- Installing: /home/alienware-x14/Documents/PlatformIO/Projects/airlab_monoco/esp32_microros_custom_msg_pub/extra_packages/custom_hydra_message/install/custom_hydra_message/share/custom_hydra_message/cmake/rosidl_cmake_export_typesupport_targets-extras.cmake
[2.157s] -- Installing: /home/alienware-x14/Documents/PlatformIO/Projects/airlab_monoco/esp32_microros_custom_msg_pub/extra_packages/custom_hydra_message/install/custom_hydra_message/share/custom_hydra_message/cmake/ament_cmake_export_dependencies-extras.cmake
[2.157s] -- Installing: /home/alienware-x14/Documents/PlatformIO/Projects/airlab_monoco/esp32_microros_custom_msg_pub/extra_packages/custom_hydra_message/install/custom_hydra_message/share/custom_hydra_message/cmake/rosidl_cmake_export_typesupport_libraries-extras.cmake
[2.157s] -- Installing: /home/alienware-x14/Documents/PlatformIO/Projects/airlab_monoco/esp32_microros_custom_msg_pub/extra_packages/custom_hydra_message/install/custom_hydra_message/share/custom_hydra_message/cmake/custom_hydra_messageConfig.cmake
[2.157s] -- Installing: /home/alienware-x14/Documents/PlatformIO/Projects/airlab_monoco/esp32_microros_custom_msg_pub/extra_packages/custom_hydra_message/install/custom_hydra_message/share/custom_hydra_message/cmake/custom_hydra_messageConfig-version.cmake
[2.157s] -- Installing: /home/alienware-x14/Documents/PlatformIO/Projects/airlab_monoco/esp32_microros_custom_msg_pub/extra_packages/custom_hydra_message/install/custom_hydra_message/share/custom_hydra_message/package.xml
[2.159s] Invoked command in '/home/alienware-x14/Documents/PlatformIO/Projects/airlab_monoco/esp32_microros_custom_msg_pub/extra_packages/custom_hydra_message/build/custom_hydra_message' returned '0': CMAKE_PREFIX_PATH=/opt/ros/humble /usr/bin/cmake --install /home/alienware-x14/Documents/PlatformIO/Projects/airlab_monoco/esp32_microros_custom_msg_pub/extra_packages/custom_hydra_message/build/custom_hydra_message
